<?xml version="1.0" encoding="UTF-8"?>
<testsuite name="com.joseph.draw4.client.SeleniumTestDraw4" tests="1" skipped="0" failures="0" errors="0" timestamp="2015-02-17T16:54:31" hostname="Josephs-MacBook-Pro.local" time="0.003">
  <properties/>
  <testcase name="testSomethingSimple" classname="com.joseph.draw4.client.SeleniumTestDraw4" time="0.003"/>
  <system-out><![CDATA[]]></system-out>
  <system-err><![CDATA[]]></system-err>
</testsuite>
