<?xml version="1.0" encoding="UTF-8" ?>
<testsuite failures="0" time="5.923" errors="1" skipped="0" tests="1" name="com.joseph.draw4.client.GwtTestDraw4">
  <properties>
    <property name="java.runtime.name" value="Java(TM) SE Runtime Environment"/>
    <property name="sun.boot.library.path" value="/Library/Java/JavaVirtualMachines/jdk1.7.0_51.jdk/Contents/Home/jre/lib"/>
    <property name="java.vm.version" value="24.51-b03"/>
    <property name="gopherProxySet" value="false"/>
    <property name="java.vm.vendor" value="Oracle Corporation"/>
    <property name="java.vendor.url" value="http://java.oracle.com/"/>
    <property name="path.separator" value=":"/>
    <property name="java.vm.name" value="Java HotSpot(TM) 64-Bit Server VM"/>
    <property name="file.encoding.pkg" value="sun.io"/>
    <property name="user.country" value="US"/>
    <property name="sun.java.launcher" value="SUN_STANDARD"/>
    <property name="sun.os.patch.level" value="unknown"/>
    <property name="surefire.reports" value="/Users/Joseph/Desktop/workspace/draw4/target/surefire-reports"/>
    <property name="java.vm.specification.name" value="Java Virtual Machine Specification"/>
    <property name="user.dir" value="/Users/Joseph/Desktop/workspace/draw4"/>
    <property name="java.runtime.version" value="1.7.0_51-b13"/>
    <property name="java.awt.graphicsenv" value="sun.awt.CGraphicsEnvironment"/>
    <property name="java.endorsed.dirs" value="/Library/Java/JavaVirtualMachines/jdk1.7.0_51.jdk/Contents/Home/jre/lib/endorsed"/>
    <property name="os.arch" value="x86_64"/>
    <property name="java.io.tmpdir" value="/var/folders/h2/b7yjx4m914n8tp6bmlmwbrrr0000gn/T/"/>
    <property name="line.separator" value="
"/>
    <property name="java.vm.specification.vendor" value="Oracle Corporation"/>
    <property name="os.name" value="Mac OS X"/>
    <property name="com.apple.eawt.CocoaComponent.CompatibilityMode" value="false"/>
    <property name="sun.jnu.encoding" value="UTF-8"/>
    <property name="java.library.path" value="/Users/Joseph/Library/Java/Extensions:/Library/Java/Extensions:/Network/Library/Java/Extensions:/System/Library/Java/Extensions:/usr/lib/java:."/>
    <property name="gwt.args" value="-war /Users/Joseph/Desktop/workspace/draw4/target/www-test -logLevel INFO -devMode -nocheckAssertions -XclusterFunctions -XcheckCasts -XclassMetadata -XcodeSplitting -nodraftCompile -XinlineLiteralParameters -XoptimizeDataflow -XordinalizeEnums -XremoveDuplicateFunctions -noshowUi -sourceLevel 1.7 -testBeginTimeout 1 -testMethodTimeout 5 -Xtries 1 -noincremental -precompile simple -runStyle &quot;Selenium:localhost:4444/*chrome\&quot;&quot;"/>
    <property name="java.specification.name" value="Java Platform API Specification"/>
    <property name="java.class.version" value="51.0"/>
    <property name="sun.management.compiler" value="HotSpot 64-Bit Tiered Compilers"/>
    <property name="os.version" value="10.10.1"/>
    <property name="http.nonProxyHosts" value="local|*.local|169.254/16|*.169.254/16"/>
    <property name="user.home" value="/Users/Joseph"/>
    <property name="user.timezone" value="America/New_York"/>
    <property name="java.awt.printerjob" value="sun.lwawt.macosx.CPrinterJob"/>
    <property name="java.specification.version" value="1.7"/>
    <property name="file.encoding" value="US-ASCII"/>
    <property name="user.name" value="Joseph"/>
    <property name="java.class.path" value="/Users/Joseph/Desktop/workspace/draw4/target/draw4-0.0.1-SNAPSHOT/WEB-INF/classes:/Users/Joseph/Desktop/workspace/draw4/src/main/java:/Users/Joseph/Desktop/workspace/draw4/target/generated-sources/gwt:/Users/Joseph/Desktop/workspace/draw4/src/test/java:/Users/Joseph/Desktop/workspace/draw4/src/test/resources:/Users/Joseph/Desktop/workspace/draw4/target/test-classes:/Users/Joseph/.m2/repository/com/google/gwt/gwt-servlet/2.7.0/gwt-servlet-2.7.0.jar:/Users/Joseph/.m2/repository/com/google/gwt/gwt-user/2.7.0/gwt-user-2.7.0.jar:/Users/Joseph/.m2/repository/javax/validation/validation-api/1.0.0.GA/validation-api-1.0.0.GA.jar:/Users/Joseph/.m2/repository/javax/validation/validation-api/1.0.0.GA/validation-api-1.0.0.GA-sources.jar:/Users/Joseph/.m2/repository/com/google/gwt/gwt-dev/2.7.0/gwt-dev-2.7.0.jar:/Users/Joseph/.m2/repository/org/ow2/asm/asm/5.0.3/asm-5.0.3.jar:/Users/Joseph/.m2/repository/org/ow2/asm/asm-util/5.0.3/asm-util-5.0.3.jar:/Users/Joseph/.m2/repository/org/ow2/asm/asm-tree/5.0.3/asm-tree-5.0.3.jar:/Users/Joseph/.m2/repository/org/ow2/asm/asm-commons/5.0.3/asm-commons-5.0.3.jar:/Users/Joseph/.m2/repository/org/timepedia/exporter/gwtexporter/2.5.1/gwtexporter-2.5.1.jar:/Users/Joseph/.m2/repository/com/mashape/unirest/unirest-java/1.3.27/unirest-java-1.3.27.jar:/Users/Joseph/.m2/repository/org/apache/httpcomponents/httpclient/4.3.6/httpclient-4.3.6.jar:/Users/Joseph/.m2/repository/org/apache/httpcomponents/httpcore/4.3.3/httpcore-4.3.3.jar:/Users/Joseph/.m2/repository/commons-logging/commons-logging/1.1.3/commons-logging-1.1.3.jar:/Users/Joseph/.m2/repository/commons-codec/commons-codec/1.6/commons-codec-1.6.jar:/Users/Joseph/.m2/repository/org/apache/httpcomponents/httpasyncclient/4.0.2/httpasyncclient-4.0.2.jar:/Users/Joseph/.m2/repository/org/apache/httpcomponents/httpcore-nio/4.3.2/httpcore-nio-4.3.2.jar:/Users/Joseph/.m2/repository/org/apache/httpcomponents/httpmime/4.3.6/httpmime-4.3.6.jar:/Users/Joseph/.m2/repository/org/json/json/20140107/json-20140107.jar:/Users/Joseph/.m2/repository/org/seleniumhq/selenium/selenium-java/2.41.0/selenium-java-2.41.0.jar:/Users/Joseph/.m2/repository/org/seleniumhq/selenium/selenium-chrome-driver/2.41.0/selenium-chrome-driver-2.41.0.jar:/Users/Joseph/.m2/repository/org/seleniumhq/selenium/selenium-remote-driver/2.41.0/selenium-remote-driver-2.41.0.jar:/Users/Joseph/.m2/repository/cglib/cglib-nodep/2.1_3/cglib-nodep-2.1_3.jar:/Users/Joseph/.m2/repository/org/seleniumhq/selenium/selenium-htmlunit-driver/2.41.0/selenium-htmlunit-driver-2.41.0.jar:/Users/Joseph/.m2/repository/net/sourceforge/htmlunit/htmlunit/2.13/htmlunit-2.13.jar:/Users/Joseph/.m2/repository/xalan/xalan/2.7.1/xalan-2.7.1.jar:/Users/Joseph/.m2/repository/xalan/serializer/2.7.1/serializer-2.7.1.jar:/Users/Joseph/.m2/repository/commons-collections/commons-collections/3.2.1/commons-collections-3.2.1.jar:/Users/Joseph/.m2/repository/org/apache/commons/commons-lang3/3.1/commons-lang3-3.1.jar:/Users/Joseph/.m2/repository/net/sourceforge/htmlunit/htmlunit-core-js/2.13/htmlunit-core-js-2.13.jar:/Users/Joseph/.m2/repository/xerces/xercesImpl/2.11.0/xercesImpl-2.11.0.jar:/Users/Joseph/.m2/repository/xml-apis/xml-apis/1.4.01/xml-apis-1.4.01.jar:/Users/Joseph/.m2/repository/net/sourceforge/nekohtml/nekohtml/1.9.19/nekohtml-1.9.19.jar:/Users/Joseph/.m2/repository/net/sourceforge/cssparser/cssparser/0.9.11/cssparser-0.9.11.jar:/Users/Joseph/.m2/repository/org/w3c/css/sac/1.3/sac-1.3.jar:/Users/Joseph/.m2/repository/org/eclipse/jetty/jetty-websocket/8.1.12.v20130726/jetty-websocket-8.1.12.v20130726.jar:/Users/Joseph/.m2/repository/org/eclipse/jetty/jetty-util/8.1.12.v20130726/jetty-util-8.1.12.v20130726.jar:/Users/Joseph/.m2/repository/org/eclipse/jetty/jetty-io/8.1.12.v20130726/jetty-io-8.1.12.v20130726.jar:/Users/Joseph/.m2/repository/org/eclipse/jetty/jetty-http/8.1.12.v20130726/jetty-http-8.1.12.v20130726.jar:/Users/Joseph/.m2/repository/org/seleniumhq/selenium/selenium-firefox-driver/2.41.0/selenium-firefox-driver-2.41.0.jar:/Users/Joseph/.m2/repository/org/apache/commons/commons-exec/1.1/commons-exec-1.1.jar:/Users/Joseph/.m2/repository/org/seleniumhq/selenium/selenium-ie-driver/2.41.0/selenium-ie-driver-2.41.0.jar:/Users/Joseph/.m2/repository/net/java/dev/jna/jna/3.4.0/jna-3.4.0.jar:/Users/Joseph/.m2/repository/net/java/dev/jna/platform/3.4.0/platform-3.4.0.jar:/Users/Joseph/.m2/repository/org/seleniumhq/selenium/selenium-safari-driver/2.41.0/selenium-safari-driver-2.41.0.jar:/Users/Joseph/.m2/repository/org/seleniumhq/selenium/selenium-support/2.41.0/selenium-support-2.41.0.jar:/Users/Joseph/.m2/repository/org/seleniumhq/selenium/selenium-api/2.41.0/selenium-api-2.41.0.jar:/Users/Joseph/.m2/repository/org/webbitserver/webbit/0.4.14/webbit-0.4.14.jar:/Users/Joseph/.m2/repository/io/netty/netty/3.5.2.Final/netty-3.5.2.Final.jar:/Users/Joseph/.m2/repository/org/seleniumhq/selenium/selenium-server/2.5.0/selenium-server-2.5.0.jar:/Users/Joseph/.m2/repository/bouncycastle/bcprov-jdk15/135/bcprov-jdk15-135.jar:/Users/Joseph/.m2/repository/mx4j/mx4j-tools/3.0.1/mx4j-tools-3.0.1.jar:/Users/Joseph/.m2/repository/org/mortbay/jetty/servlet-api-2.5/6.1.9/servlet-api-2.5-6.1.9.jar:/Users/Joseph/.m2/repository/org/yaml/snakeyaml/1.8/snakeyaml-1.8.jar:/Users/Joseph/.m2/repository/com/objectdb/objectdb/2.4.0/objectdb-2.4.0.jar:/Users/Joseph/.m2/repository/com/google/code/gson/gson/2.3.1/gson-2.3.1.jar:/Users/Joseph/.m2/repository/org/scribe/scribe/1.3.7/scribe-1.3.7.jar:/Users/Joseph/.m2/repository/com/emitrom/lienzo-core/1.2-RELEASE/lienzo-core-1.2-RELEASE.jar:/Users/Joseph/.m2/repository/com/google/api/gwt-oauth2/0.2/gwt-oauth2-0.2.jar:/Users/Joseph/.m2/repository/com/googlecode/gwtquery/gwtquery/1.4.2/gwtquery-1.4.2.jar:/Users/Joseph/.m2/repository/com/sencha/gxt/gxt/3.1.1/gxt-3.1.1.jar:/Users/Joseph/.m2/repository/com/google/guava/guava-gwt/18.0/guava-gwt-18.0.jar:/Users/Joseph/.m2/repository/com/google/code/findbugs/jsr305/1.3.9/jsr305-1.3.9.jar:/Users/Joseph/.m2/repository/com/google/guava/guava/18.0/guava-18.0.jar:/Users/Joseph/.m2/repository/net/customware/gwt/presenter/gwt-presenter/1.1.1/gwt-presenter-1.1.1.jar:/Users/Joseph/.m2/repository/com/googlecode/mvp4g/mvp4g/1.5.0/mvp4g-1.5.0.jar:/Users/Joseph/.m2/repository/com/allen-sauer/gwt/log/gwt-log/3.3.2/gwt-log-3.3.2.jar:/Users/Joseph/.m2/repository/com/github/gwtbootstrap/gwt-bootstrap/2.3.2.0/gwt-bootstrap-2.3.2.0.jar:/Users/Joseph/.m2/repository/org/seleniumhq/selenium/client-drivers/selenium-java-client-driver/1.0.1/selenium-java-client-driver-1.0.1.jar:/Users/Joseph/.m2/repository/junit/junit/4.11/junit-4.11.jar:/Users/Joseph/.m2/repository/org/hamcrest/hamcrest-core/1.3/hamcrest-core-1.3.jar:/Users/Joseph/.m2/repository/com/gwtplatform/gwtp-all/1.3.1/gwtp-all-1.3.1.jar:/Users/Joseph/.m2/repository/com/gwtplatform/gwtp-clients-common/1.3.1/gwtp-clients-common-1.3.1.jar:/Users/Joseph/.m2/repository/com/gwtplatform/gwtp-crawler/1.3.1/gwtp-crawler-1.3.1.jar:/Users/Joseph/.m2/repository/javax/servlet/servlet-api/2.5/servlet-api-2.5.jar:/Users/Joseph/.m2/repository/com/gwtplatform/gwtp-dispatch-common-client/1.3.1/gwtp-dispatch-common-client-1.3.1.jar:/Users/Joseph/.m2/repository/com/gwtplatform/gwtp-dispatch-common-shared/1.3.1/gwtp-dispatch-common-shared-1.3.1.jar:/Users/Joseph/.m2/repository/com/gwtplatform/gwtp-dispatch-rest/1.3.1/gwtp-dispatch-rest-1.3.1.jar:/Users/Joseph/.m2/repository/com/github/nmorel/gwtjackson/gwt-jackson/0.6.1/gwt-jackson-0.6.1.jar:/Users/Joseph/.m2/repository/com/fasterxml/jackson/core/jackson-annotations/2.3.3/jackson-annotations-2.3.3.jar:/Users/Joseph/.m2/repository/com/fasterxml/jackson/core/jackson-annotations/2.3.3/jackson-annotations-2.3.3-sources.jar:/Users/Joseph/.m2/repository/javax/ws/rs/jsr311-api/1.1.1/jsr311-api-1.1.1.jar:/Users/Joseph/.m2/repository/org/apache/velocity/velocity/1.7/velocity-1.7.jar:/Users/Joseph/.m2/repository/commons-lang/commons-lang/2.4/commons-lang-2.4.jar:/Users/Joseph/.m2/repository/com/gwtplatform/gwtp-dispatch-rpc-client/1.3.1/gwtp-dispatch-rpc-client-1.3.1.jar:/Users/Joseph/.m2/repository/com/gwtplatform/gwtp-dispatch-rpc-server/1.3.1/gwtp-dispatch-rpc-server-1.3.1.jar:/Users/Joseph/.m2/repository/com/gwtplatform/gwtp-dispatch-rpc-server-guice/1.3.1/gwtp-dispatch-rpc-server-guice-1.3.1.jar:/Users/Joseph/.m2/repository/com/gwtplatform/gwtp-dispatch-rpc-shared/1.3.1/gwtp-dispatch-rpc-shared-1.3.1.jar:/Users/Joseph/.m2/repository/com/gwtplatform/gwtp-dispatch-rpc-server-spring/1.3.1/gwtp-dispatch-rpc-server-spring-1.3.1.jar:/Users/Joseph/.m2/repository/org/springframework/spring-core/4.0.5.RELEASE/spring-core-4.0.5.RELEASE.jar:/Users/Joseph/.m2/repository/org/springframework/spring-context/4.0.5.RELEASE/spring-context-4.0.5.RELEASE.jar:/Users/Joseph/.m2/repository/org/springframework/spring-aop/4.0.5.RELEASE/spring-aop-4.0.5.RELEASE.jar:/Users/Joseph/.m2/repository/org/springframework/spring-expression/4.0.5.RELEASE/spring-expression-4.0.5.RELEASE.jar:/Users/Joseph/.m2/repository/org/springframework/spring-beans/4.0.5.RELEASE/spring-beans-4.0.5.RELEASE.jar:/Users/Joseph/.m2/repository/org/springframework/spring-web/4.0.5.RELEASE/spring-web-4.0.5.RELEASE.jar:/Users/Joseph/.m2/repository/com/gwtplatform/gwtp-mvp-shared/1.3.1/gwtp-mvp-shared-1.3.1.jar:/Users/Joseph/.m2/repository/com/gwtplatform/gwtp-mvp-client/1.3.1/gwtp-mvp-client-1.3.1.jar:/Users/Joseph/.m2/repository/com/gwtplatform/gwtp-processors/1.3.1/gwtp-processors-1.3.1.jar:/Users/Joseph/.m2/repository/com/gwtplatform/gwtp-tester/1.3.1/gwtp-tester-1.3.1.jar:/Users/Joseph/.m2/repository/com/google/gwt/inject/gin/2.1.2/gin-2.1.2.jar:/Users/Joseph/.m2/repository/com/google/inject/guice/3.0/guice-3.0.jar:/Users/Joseph/.m2/repository/javax/inject/javax.inject/1/javax.inject-1.jar:/Users/Joseph/.m2/repository/aopalliance/aopalliance/1.0/aopalliance-1.0.jar:/Users/Joseph/.m2/repository/com/google/inject/extensions/guice-assistedinject/3.0/guice-assistedinject-3.0.jar:/Users/Joseph/.m2/repository/com/googlecode/gwtupload/gwtupload/1.0.1/gwtupload-1.0.1.jar:/Users/Joseph/.m2/repository/commons-fileupload/commons-fileupload/1.3.1/commons-fileupload-1.3.1.jar:/Users/Joseph/.m2/repository/commons-io/commons-io/2.3/commons-io-2.3.jar:/Users/Joseph/.m2/repository/com/google/gwt/gwt-user/2.7.0/gwt-user-2.7.0.jar:/Users/Joseph/.m2/repository/javax/validation/validation-api/1.0.0.GA/validation-api-1.0.0.GA.jar:/Users/Joseph/.m2/repository/javax/validation/validation-api/1.0.0.GA/validation-api-1.0.0.GA-sources.jar:/Users/Joseph/.m2/repository/com/google/gwt/gwt-dev/2.7.0/gwt-dev-2.7.0.jar:/Users/Joseph/.m2/repository/org/ow2/asm/asm/5.0.3/asm-5.0.3.jar:/Users/Joseph/.m2/repository/org/ow2/asm/asm-util/5.0.3/asm-util-5.0.3.jar:/Users/Joseph/.m2/repository/org/ow2/asm/asm-tree/5.0.3/asm-tree-5.0.3.jar:/Users/Joseph/.m2/repository/org/ow2/asm/asm-commons/5.0.3/asm-commons-5.0.3.jar:/Users/Joseph/.m2/repository/org/codehaus/mojo/gwt-maven-plugin/2.7.0/gwt-maven-plugin-2.7.0.jar:/Users/Joseph/.m2/repository/org/apache/maven/surefire/surefire-api/2.4.3/surefire-api-2.4.3.jar"/>
    <property name="build.compiler" value="com.google.gwt.dev.shell.jetty.JettyLauncher$JDTCompiler16"/>
    <property name="java.vm.specification.version" value="1.7"/>
    <property name="sun.arch.data.model" value="64"/>
    <property name="java.home" value="/Library/Java/JavaVirtualMachines/jdk1.7.0_51.jdk/Contents/Home/jre"/>
    <property name="sun.java.command" value="org.codehaus.mojo.gwt.test.MavenTestRunner com.joseph.draw4.client.GwtTestDraw4"/>
    <property name="java.specification.vendor" value="Oracle Corporation"/>
    <property name="user.language" value="en"/>
    <property name="awt.toolkit" value="sun.lwawt.macosx.LWCToolkit"/>
    <property name="java.vm.info" value="mixed mode"/>
    <property name="org.eclipse.jetty.xml.XmlParser.Validating" value="false"/>
    <property name="java.version" value="1.7.0_51"/>
    <property name="java.ext.dirs" value="/Users/Joseph/Library/Java/Extensions:/Library/Java/JavaVirtualMachines/jdk1.7.0_51.jdk/Contents/Home/jre/lib/ext:/Library/Java/Extensions:/Network/Library/Java/Extensions:/System/Library/Java/Extensions:/usr/lib/java"/>
    <property name="sun.boot.class.path" value="/Library/Java/JavaVirtualMachines/jdk1.7.0_51.jdk/Contents/Home/jre/lib/resources.jar:/Library/Java/JavaVirtualMachines/jdk1.7.0_51.jdk/Contents/Home/jre/lib/rt.jar:/Library/Java/JavaVirtualMachines/jdk1.7.0_51.jdk/Contents/Home/jre/lib/sunrsasign.jar:/Library/Java/JavaVirtualMachines/jdk1.7.0_51.jdk/Contents/Home/jre/lib/jsse.jar:/Library/Java/JavaVirtualMachines/jdk1.7.0_51.jdk/Contents/Home/jre/lib/jce.jar:/Library/Java/JavaVirtualMachines/jdk1.7.0_51.jdk/Contents/Home/jre/lib/charsets.jar:/Library/Java/JavaVirtualMachines/jdk1.7.0_51.jdk/Contents/Home/jre/lib/jfr.jar:/Library/Java/JavaVirtualMachines/jdk1.7.0_51.jdk/Contents/Home/jre/classes"/>
    <property name="java.vendor" value="Oracle Corporation"/>
    <property name="file.separator" value="/"/>
    <property name="java.vendor.url.bug" value="http://bugreport.sun.com/bugreport/"/>
    <property name="sun.cpu.endian" value="little"/>
    <property name="sun.io.unicode.encoding" value="UnicodeBig"/>
    <property name="sun.font.fontmanager" value="sun.font.CFontManager"/>
    <property name="socksNonProxyHosts" value="local|*.local|169.254/16|*.169.254/16"/>
    <property name="ftp.nonProxyHosts" value="local|*.local|169.254/16|*.169.254/16"/>
    <property name="sun.cpu.isalist" value=""/>
  </properties>
  <testcase time="5.916" classname="com.joseph.draw4.client.GwtTestDraw4" name="testIt">
    <error message="com.google.gwt.core.ext.UnableToCompleteException: (see previous log entries)" type="com.google.gwt.junit.JUnitFatalLaunchException">com.google.gwt.junit.JUnitFatalLaunchException: com.google.gwt.core.ext.UnableToCompleteException: (see previous log entries)
	at com.google.gwt.junit.JUnitShell.runTestImpl(JUnitShell.java:1351)
	at com.google.gwt.junit.JUnitShell.runTestImpl(JUnitShell.java:1284)
	at com.google.gwt.junit.JUnitShell.runTest(JUnitShell.java:678)
	at com.google.gwt.junit.client.GWTTestCase.runTest(GWTTestCase.java:421)
	at junit.framework.TestCase.runBare(TestCase.java:141)
	at junit.framework.TestResult$1.protect(TestResult.java:122)
	at junit.framework.TestResult.runProtected(TestResult.java:142)
	at junit.framework.TestResult.run(TestResult.java:125)
	at junit.framework.TestCase.run(TestCase.java:129)
	at com.google.gwt.junit.client.GWTTestCase.run(GWTTestCase.java:247)
	at junit.framework.TestSuite.runTest(TestSuite.java:255)
	at junit.framework.TestSuite.run(TestSuite.java:250)
	at org.codehaus.mojo.gwt.test.MavenTestRunner.doRun(MavenTestRunner.java:105)
	at junit.textui.TestRunner.start(TestRunner.java:183)
	at org.codehaus.mojo.gwt.test.MavenTestRunner.main(MavenTestRunner.java:63)
Caused by: com.google.gwt.core.ext.UnableToCompleteException: (see previous log entries)
	at com.google.gwt.junit.RunStyleSelenium.launchModule(RunStyleSelenium.java:387)
	at com.google.gwt.junit.JUnitShell.runTestImpl(JUnitShell.java:1347)
	... 14 more
</error>
    <system-out>Linking module &apos;com.joseph.draw4.Draw4JUnit.JUnit&apos;
   Invoking Linker IFrame
      [WARN] IFrame linker is deprecated; consider switching to the xsiframe linker
Ignored 2 units with compilation errors in first pass.
Compile with -strict or with -logLevel set to TRACE or DEBUG to see all errors.
[ERROR] Error launching browser via Selenium-RC at localhost:4444/*chrome\&quot;
java.lang.RuntimeException: Could not start Selenium session: Failed to start new browser session: Browser not supported: *chrome\&quot;

Supported browsers include:
  *firefox
  *mock
  *firefoxproxy
  *pifirefox
  *chrome
  *iexploreproxy
  *iexplore
  *firefox3
  *safariproxy
  *googlechrome
  *konqueror
  *firefox2
  *piiexplore
  *safari
  *firefoxchrome
  *opera
  *webdriver
  *iehta
  *custom

	at com.thoughtworks.selenium.DefaultSelenium.start(DefaultSelenium.java:109)
	at com.google.gwt.junit.RunStyleSelenium$LaunchThread.run(RunStyleSelenium.java:215)
Caused by: com.thoughtworks.selenium.SeleniumException: Failed to start new browser session: Browser not supported: *chrome\&quot;

Supported browsers include:
  *firefox
  *mock
  *firefoxproxy
  *pifirefox
  *chrome
  *iexploreproxy
  *iexplore
  *firefox3
  *safariproxy
  *googlechrome
  *konqueror
  *firefox2
  *piiexplore
  *safari
  *firefoxchrome
  *opera
  *webdriver
  *iehta
  *custom

	at com.thoughtworks.selenium.HttpCommandProcessor.throwAssertionFailureExceptionOrError(HttpCommandProcessor.java:109)
	at com.thoughtworks.selenium.HttpCommandProcessor.doCommand(HttpCommandProcessor.java:103)
	at com.thoughtworks.selenium.HttpCommandProcessor.getString(HttpCommandProcessor.java:272)
	at com.thoughtworks.selenium.HttpCommandProcessor.start(HttpCommandProcessor.java:234)
	at com.thoughtworks.selenium.DefaultSelenium.start(DefaultSelenium.java:100)
	... 1 more
</system-out>
  </testcase>
</testsuite>